#! /usr/bin/vvp
:ivl_version "10.2 (stable)";
:ivl_delay_selection "TYPICAL";
:vpi_time_precision + 0;
:vpi_module "system";
:vpi_module "vhdl_sys";
:vpi_module "v2005_math";
:vpi_module "va_math";
S_0x555a51d68c80 .scope module, "BUF" "BUF" 2 1;
 .timescale 0 0;
    .port_info 0 /INPUT 1 "A"
    .port_info 1 /OUTPUT 1 "Y"
o0x7f9989dc4018 .functor BUFZ 1, C4<z>; HiZ drive
L_0x555a51d10b80 .functor BUFZ 1, o0x7f9989dc4018, C4<0>, C4<0>, C4<0>;
v0x555a51d68e00_0 .net "A", 0 0, o0x7f9989dc4018;  0 drivers
v0x555a51d87640_0 .net "Y", 0 0, L_0x555a51d10b80;  1 drivers
S_0x555a51d49b60 .scope module, "DFF" "DFF" 2 25;
 .timescale 0 0;
    .port_info 0 /INPUT 1 "C"
    .port_info 1 /INPUT 1 "D"
    .port_info 2 /OUTPUT 1 "Q"
o0x7f9989dc40d8 .functor BUFZ 1, C4<z>; HiZ drive
v0x555a51d87780_0 .net "C", 0 0, o0x7f9989dc40d8;  0 drivers
o0x7f9989dc4108 .functor BUFZ 1, C4<z>; HiZ drive
v0x555a51d87860_0 .net "D", 0 0, o0x7f9989dc4108;  0 drivers
v0x555a51d87920_0 .var "Q", 0 0;
E_0x555a51d12850 .event posedge, v0x555a51d87780_0;
S_0x555a51d49d30 .scope module, "NAND" "NAND" 2 13;
 .timescale 0 0;
    .port_info 0 /INPUT 1 "A"
    .port_info 1 /INPUT 1 "B"
    .port_info 2 /OUTPUT 1 "Y"
o0x7f9989dc41f8 .functor BUFZ 1, C4<z>; HiZ drive
o0x7f9989dc4228 .functor BUFZ 1, C4<z>; HiZ drive
L_0x555a51d685f0 .functor AND 1, o0x7f9989dc41f8, o0x7f9989dc4228, C4<1>, C4<1>;
L_0x555a51d68660 .functor NOT 1, L_0x555a51d685f0, C4<0>, C4<0>, C4<0>;
v0x555a51d87a40_0 .net "A", 0 0, o0x7f9989dc41f8;  0 drivers
v0x555a51d87b00_0 .net "B", 0 0, o0x7f9989dc4228;  0 drivers
v0x555a51d87bc0_0 .net "Y", 0 0, L_0x555a51d68660;  1 drivers
v0x555a51d87c60_0 .net *"_s0", 0 0, L_0x555a51d685f0;  1 drivers
S_0x555a51d4aa10 .scope module, "NOR" "NOR" 2 19;
 .timescale 0 0;
    .port_info 0 /INPUT 1 "A"
    .port_info 1 /INPUT 1 "B"
    .port_info 2 /OUTPUT 1 "Y"
o0x7f9989dc4348 .functor BUFZ 1, C4<z>; HiZ drive
o0x7f9989dc4378 .functor BUFZ 1, C4<z>; HiZ drive
L_0x555a51d89de0 .functor OR 1, o0x7f9989dc4348, o0x7f9989dc4378, C4<0>, C4<0>;
L_0x555a51d89e80 .functor NOT 1, L_0x555a51d89de0, C4<0>, C4<0>, C4<0>;
v0x555a51d87dc0_0 .net "A", 0 0, o0x7f9989dc4348;  0 drivers
v0x555a51d87e80_0 .net "B", 0 0, o0x7f9989dc4378;  0 drivers
v0x555a51d87f40_0 .net "Y", 0 0, L_0x555a51d89e80;  1 drivers
v0x555a51d87fe0_0 .net *"_s0", 0 0, L_0x555a51d89de0;  1 drivers
S_0x555a51d4abe0 .scope module, "NOT" "NOT" 2 7;
 .timescale 0 0;
    .port_info 0 /INPUT 1 "A"
    .port_info 1 /OUTPUT 1 "Y"
o0x7f9989dc4498 .functor BUFZ 1, C4<z>; HiZ drive
L_0x555a51d89f70 .functor NOT 1, o0x7f9989dc4498, C4<0>, C4<0>, C4<0>;
v0x555a51d88140_0 .net "A", 0 0, o0x7f9989dc4498;  0 drivers
v0x555a51d88200_0 .net "Y", 0 0, L_0x555a51d89f70;  1 drivers
S_0x555a51d47f70 .scope module, "counter_tb" "counter_tb" 3 7;
 .timescale 0 0;
v0x555a51d89630_0 .net "clk", 0 0, v0x555a51d885a0_0;  1 drivers
v0x555a51d89740_0 .net "d", 3 0, v0x555a51d88680_0;  1 drivers
v0x555a51d89850_0 .net "enable", 0 0, v0x555a51d88760_0;  1 drivers
v0x555a51d89940_0 .net "modo", 1 0, v0x555a51d88830_0;  1 drivers
v0x555a51d89a30_0 .net "q", 3 0, v0x555a51d89320_0;  1 drivers
v0x555a51d89b90_0 .net "rco", 0 0, v0x555a51d89410_0;  1 drivers
v0x555a51d89c80_0 .net "rst", 0 0, v0x555a51d88b00_0;  1 drivers
S_0x555a51d88320 .scope module, "T1" "modoTester" 3 25, 4 1 0, S_0x555a51d47f70;
 .timescale 0 0;
    .port_info 0 /OUTPUT 1 "clk"
    .port_info 1 /OUTPUT 1 "rst"
    .port_info 2 /OUTPUT 1 "enable"
    .port_info 3 /OUTPUT 2 "modo"
    .port_info 4 /OUTPUT 4 "d"
    .port_info 5 /INPUT 4 "q"
    .port_info 6 /INPUT 1 "rco"
v0x555a51d885a0_0 .var "clk", 0 0;
v0x555a51d88680_0 .var "d", 3 0;
v0x555a51d88760_0 .var "enable", 0 0;
v0x555a51d88830_0 .var "modo", 1 0;
v0x555a51d88910_0 .net "q", 3 0, v0x555a51d89320_0;  alias, 1 drivers
v0x555a51d88a40_0 .net "rco", 0 0, v0x555a51d89410_0;  alias, 1 drivers
v0x555a51d88b00_0 .var "rst", 0 0;
S_0x555a51d88ca0 .scope module, "U1" "MODO" 3 15, 5 1 0, S_0x555a51d47f70;
 .timescale 0 0;
    .port_info 0 /INPUT 1 "clk"
    .port_info 1 /INPUT 1 "rst"
    .port_info 2 /INPUT 1 "enable"
    .port_info 3 /INPUT 2 "modo"
    .port_info 4 /INPUT 4 "d"
    .port_info 5 /OUTPUT 4 "q"
    .port_info 6 /OUTPUT 1 "rco"
v0x555a51d88fc0_0 .net "clk", 0 0, v0x555a51d885a0_0;  alias, 1 drivers
v0x555a51d89080_0 .net "d", 3 0, v0x555a51d88680_0;  alias, 1 drivers
v0x555a51d89150_0 .net "enable", 0 0, v0x555a51d88760_0;  alias, 1 drivers
v0x555a51d89250_0 .net "modo", 1 0, v0x555a51d88830_0;  alias, 1 drivers
v0x555a51d89320_0 .var "q", 3 0;
v0x555a51d89410_0 .var "rco", 0 0;
v0x555a51d894e0_0 .net "rst", 0 0, v0x555a51d88b00_0;  alias, 1 drivers
E_0x555a51d68450 .event posedge, v0x555a51d885a0_0;
E_0x555a51d88f60 .event edge, v0x555a51d88b00_0, v0x555a51d88830_0, v0x555a51d885a0_0;
    .scope S_0x555a51d49b60;
T_0 ;
    %wait E_0x555a51d12850;
    %load/vec4 v0x555a51d87860_0;
    %assign/vec4 v0x555a51d87920_0, 0;
    %jmp T_0;
    .thread T_0;
    .scope S_0x555a51d88ca0;
T_1 ;
    %wait E_0x555a51d88f60;
    %load/vec4 v0x555a51d894e0_0;
    %flag_set/vec4 8;
    %jmp/0xz  T_1.0, 8;
    %pushi/vec4 0, 0, 1;
    %assign/vec4 v0x555a51d89410_0, 0;
    %load/vec4 v0x555a51d89250_0;
    %dup/vec4;
    %pushi/vec4 0, 0, 2;
    %cmp/u;
    %jmp/1 T_1.2, 6;
    %dup/vec4;
    %pushi/vec4 1, 0, 2;
    %cmp/u;
    %jmp/1 T_1.3, 6;
    %dup/vec4;
    %pushi/vec4 2, 0, 2;
    %cmp/u;
    %jmp/1 T_1.4, 6;
    %dup/vec4;
    %pushi/vec4 3, 0, 2;
    %cmp/u;
    %jmp/1 T_1.5, 6;
    %jmp T_1.6;
T_1.2 ;
    %pushi/vec4 0, 0, 4;
    %assign/vec4 v0x555a51d89320_0, 0;
    %jmp T_1.6;
T_1.3 ;
    %pushi/vec4 15, 0, 4;
    %assign/vec4 v0x555a51d89320_0, 0;
    %jmp T_1.6;
T_1.4 ;
    %pushi/vec4 15, 0, 4;
    %assign/vec4 v0x555a51d89320_0, 0;
    %jmp T_1.6;
T_1.5 ;
    %pushi/vec4 15, 15, 4;
    %assign/vec4 v0x555a51d89320_0, 0;
    %load/vec4 v0x555a51d88fc0_0;
    %assign/vec4 v0x555a51d89410_0, 0;
    %jmp T_1.6;
T_1.6 ;
    %pop/vec4 1;
T_1.0 ;
    %jmp T_1;
    .thread T_1, $push;
    .scope S_0x555a51d88ca0;
T_2 ;
    %wait E_0x555a51d68450;
    %load/vec4 v0x555a51d894e0_0;
    %flag_set/vec4 8;
    %jmp/0xz  T_2.0, 8;
    %pushi/vec4 0, 0, 1;
    %store/vec4 v0x555a51d89410_0, 0, 1;
    %jmp T_2.1;
T_2.0 ;
    %load/vec4 v0x555a51d89150_0;
    %flag_set/vec4 8;
    %jmp/0xz  T_2.2, 8;
    %load/vec4 v0x555a51d89250_0;
    %dup/vec4;
    %pushi/vec4 0, 0, 2;
    %cmp/u;
    %jmp/1 T_2.4, 6;
    %dup/vec4;
    %pushi/vec4 1, 0, 2;
    %cmp/u;
    %jmp/1 T_2.5, 6;
    %dup/vec4;
    %pushi/vec4 2, 0, 2;
    %cmp/u;
    %jmp/1 T_2.6, 6;
    %dup/vec4;
    %pushi/vec4 3, 0, 2;
    %cmp/u;
    %jmp/1 T_2.7, 6;
    %jmp T_2.8;
T_2.4 ;
    %pushi/vec4 14, 0, 32;
    %load/vec4 v0x555a51d89320_0;
    %pad/u 32;
    %cmp/u;
    %flag_mov 8, 5;
    %jmp/0 T_2.9, 8;
    %pushi/vec4 1, 0, 2;
    %jmp/1 T_2.10, 8;
T_2.9 ; End of true expr.
    %pushi/vec4 0, 0, 2;
    %jmp/0 T_2.10, 8;
 ; End of false expr.
    %blend;
T_2.10;
    %pad/s 1;
    %assign/vec4 v0x555a51d89410_0, 0;
    %load/vec4 v0x555a51d89320_0;
    %addi 1, 0, 4;
    %assign/vec4 v0x555a51d89320_0, 0;
    %jmp T_2.8;
T_2.5 ;
    %pushi/vec4 0, 0, 32;
    %load/vec4 v0x555a51d89320_0;
    %pad/u 32;
    %cmp/u;
    %jmp/0xz  T_2.11, 5;
    %load/vec4 v0x555a51d89320_0;
    %subi 1, 0, 4;
    %assign/vec4 v0x555a51d89320_0, 0;
    %jmp T_2.12;
T_2.11 ;
    %pushi/vec4 15, 0, 4;
    %assign/vec4 v0x555a51d89320_0, 0;
    %pushi/vec4 1, 0, 1;
    %assign/vec4 v0x555a51d89410_0, 0;
T_2.12 ;
    %jmp T_2.8;
T_2.6 ;
    %pushi/vec4 2, 0, 32;
    %load/vec4 v0x555a51d89320_0;
    %pad/u 32;
    %cmp/u;
    %jmp/0xz  T_2.13, 5;
    %load/vec4 v0x555a51d89320_0;
    %subi 3, 0, 4;
    %assign/vec4 v0x555a51d89320_0, 0;
    %jmp T_2.14;
T_2.13 ;
    %load/vec4 v0x555a51d89320_0;
    %dup/vec4;
    %pushi/vec4 0, 0, 4;
    %cmp/u;
    %jmp/1 T_2.15, 6;
    %dup/vec4;
    %pushi/vec4 1, 0, 4;
    %cmp/u;
    %jmp/1 T_2.16, 6;
    %dup/vec4;
    %pushi/vec4 2, 0, 4;
    %cmp/u;
    %jmp/1 T_2.17, 6;
    %jmp T_2.18;
T_2.15 ;
    %pushi/vec4 12, 0, 4;
    %assign/vec4 v0x555a51d89320_0, 0;
    %jmp T_2.18;
T_2.16 ;
    %pushi/vec4 13, 0, 4;
    %assign/vec4 v0x555a51d89320_0, 0;
    %jmp T_2.18;
T_2.17 ;
    %pushi/vec4 14, 0, 4;
    %assign/vec4 v0x555a51d89320_0, 0;
    %jmp T_2.18;
T_2.18 ;
    %pop/vec4 1;
    %pushi/vec4 1, 0, 1;
    %assign/vec4 v0x555a51d89410_0, 0;
T_2.14 ;
    %jmp T_2.8;
T_2.7 ;
    %load/vec4 v0x555a51d89080_0;
    %assign/vec4 v0x555a51d89320_0, 0;
    %load/vec4 v0x555a51d88fc0_0;
    %assign/vec4 v0x555a51d89410_0, 0;
    %jmp T_2.8;
T_2.8 ;
    %pop/vec4 1;
T_2.2 ;
T_2.1 ;
    %jmp T_2;
    .thread T_2;
    .scope S_0x555a51d88320;
T_3 ;
    %pushi/vec4 0, 0, 1;
    %store/vec4 v0x555a51d885a0_0, 0, 1;
    %pushi/vec4 1, 0, 1;
    %store/vec4 v0x555a51d88760_0, 0, 1;
    %pushi/vec4 0, 0, 1;
    %store/vec4 v0x555a51d88b00_0, 0, 1;
    %pushi/vec4 0, 0, 4;
    %store/vec4 v0x555a51d88680_0, 0, 4;
    %pushi/vec4 3, 0, 2;
    %store/vec4 v0x555a51d88830_0, 0, 2;
    %delay 2, 0;
    %pushi/vec4 0, 0, 2;
    %store/vec4 v0x555a51d88830_0, 0, 2;
    %delay 36, 0;
    %pushi/vec4 1, 0, 1;
    %store/vec4 v0x555a51d88b00_0, 0, 1;
    %delay 6, 0;
    %pushi/vec4 0, 0, 1;
    %store/vec4 v0x555a51d88b00_0, 0, 1;
    %delay 66, 0;
    %pushi/vec4 1, 0, 2;
    %store/vec4 v0x555a51d88830_0, 0, 2;
    %delay 2, 0;
    %pushi/vec4 0, 0, 1;
    %store/vec4 v0x555a51d88760_0, 0, 1;
    %delay 10, 0;
    %pushi/vec4 1, 0, 1;
    %store/vec4 v0x555a51d88760_0, 0, 1;
    %delay 36, 0;
    %pushi/vec4 1, 0, 1;
    %store/vec4 v0x555a51d88b00_0, 0, 1;
    %delay 6, 0;
    %pushi/vec4 0, 0, 1;
    %store/vec4 v0x555a51d88b00_0, 0, 1;
    %delay 64, 0;
    %pushi/vec4 3, 0, 2;
    %store/vec4 v0x555a51d88830_0, 0, 2;
    %delay 6, 0;
    %pushi/vec4 14, 0, 4;
    %store/vec4 v0x555a51d88680_0, 0, 4;
    %pushi/vec4 2, 0, 2;
    %store/vec4 v0x555a51d88830_0, 0, 2;
    %delay 36, 0;
    %pushi/vec4 1, 0, 1;
    %store/vec4 v0x555a51d88b00_0, 0, 1;
    %delay 6, 0;
    %pushi/vec4 0, 0, 1;
    %store/vec4 v0x555a51d88b00_0, 0, 1;
    %delay 2, 0;
    %pushi/vec4 0, 0, 1;
    %store/vec4 v0x555a51d88760_0, 0, 1;
    %delay 4, 0;
    %pushi/vec4 1, 0, 1;
    %store/vec4 v0x555a51d88760_0, 0, 1;
    %delay 12, 0;
    %pushi/vec4 3, 0, 2;
    %store/vec4 v0x555a51d88830_0, 0, 2;
    %delay 2, 0;
    %pushi/vec4 2, 0, 4;
    %store/vec4 v0x555a51d88680_0, 0, 4;
    %delay 2, 0;
    %pushi/vec4 4, 0, 4;
    %store/vec4 v0x555a51d88680_0, 0, 4;
    %delay 2, 0;
    %pushi/vec4 0, 0, 1;
    %store/vec4 v0x555a51d88760_0, 0, 1;
    %delay 10, 0;
    %pushi/vec4 1, 0, 1;
    %store/vec4 v0x555a51d88760_0, 0, 1;
    %delay 2, 0;
    %pushi/vec4 6, 0, 4;
    %store/vec4 v0x555a51d88680_0, 0, 4;
    %delay 2, 0;
    %pushi/vec4 8, 0, 4;
    %store/vec4 v0x555a51d88680_0, 0, 4;
    %delay 2, 0;
    %pushi/vec4 10, 0, 4;
    %store/vec4 v0x555a51d88680_0, 0, 4;
    %delay 2, 0;
    %pushi/vec4 1, 0, 1;
    %store/vec4 v0x555a51d88b00_0, 0, 1;
    %delay 6, 0;
    %pushi/vec4 0, 0, 1;
    %store/vec4 v0x555a51d88b00_0, 0, 1;
    %delay 2, 0;
    %pushi/vec4 14, 0, 4;
    %store/vec4 v0x555a51d88680_0, 0, 4;
    %delay 2, 0;
    %pushi/vec4 15, 0, 4;
    %store/vec4 v0x555a51d88680_0, 0, 4;
    %delay 4, 0;
    %vpi_call 4 48 "$finish" {0 0 0};
    %end;
    .thread T_3;
    .scope S_0x555a51d88320;
T_4 ;
    %delay 1, 0;
    %load/vec4 v0x555a51d885a0_0;
    %nor/r;
    %store/vec4 v0x555a51d885a0_0, 0, 1;
    %jmp T_4;
    .thread T_4;
    .scope S_0x555a51d47f70;
T_5 ;
    %vpi_call 3 36 "$dumpfile", "resultados.vcd" {0 0 0};
    %vpi_call 3 37 "$dumpvars", 32'sb11111111111111111111111111111111, S_0x555a51d88ca0 {0 0 0};
    %vpi_call 3 38 "$monitor", "clk=%b, rst=%b, enable=%b, modo=%b, d=%b, q=%b, rco=%b", v0x555a51d89630_0, v0x555a51d89c80_0, v0x555a51d89850_0, v0x555a51d89940_0, v0x555a51d89740_0, v0x555a51d89a30_0, v0x555a51d89b90_0 {0 0 0};
    %end;
    .thread T_5;
# The file index is used to find the file name in the following table.
:file_names 6;
    "N/A";
    "<interactive>";
    "./cmos_cells.v";
    "modoContador_tb.v";
    "./modoContador_tester.v";
    "./modoContador.v";
