#! /usr/bin/vvp
:ivl_version "10.2 (stable)";
:ivl_delay_selection "TYPICAL";
:vpi_time_precision + 0;
:vpi_module "system";
:vpi_module "vhdl_sys";
:vpi_module "v2005_math";
:vpi_module "va_math";
S_0x562b841b6700 .scope module, "counter_tb" "counter_tb" 2 4;
 .timescale 0 0;
v0x562b841d7710_0 .net "clk", 0 0, v0x562b841a9f00_0;  1 drivers
v0x562b841d7820_0 .net "d", 3 0, v0x562b841d6630_0;  1 drivers
v0x562b841d7930_0 .net "enable", 0 0, v0x562b841d6710_0;  1 drivers
v0x562b841d7a20_0 .net "modo", 1 0, v0x562b841d67b0_0;  1 drivers
v0x562b841d7b10_0 .net "q", 3 0, v0x562b841d7440_0;  1 drivers
v0x562b841d7c70_0 .net "rco", 0 0, v0x562b841d7530_0;  1 drivers
v0x562b841d7d60_0 .net "rst", 0 0, v0x562b841d6a80_0;  1 drivers
S_0x562b841a9c80 .scope module, "T1" "modoTester" 2 22, 3 1 0, S_0x562b841b6700;
 .timescale 0 0;
    .port_info 0 /OUTPUT 1 "clk"
    .port_info 1 /OUTPUT 1 "rst"
    .port_info 2 /OUTPUT 1 "enable"
    .port_info 3 /OUTPUT 2 "modo"
    .port_info 4 /OUTPUT 4 "d"
    .port_info 5 /INPUT 4 "q"
    .port_info 6 /INPUT 1 "rco"
v0x562b841a9f00_0 .var "clk", 0 0;
v0x562b841d6630_0 .var "d", 3 0;
v0x562b841d6710_0 .var "enable", 0 0;
v0x562b841d67b0_0 .var "modo", 1 0;
v0x562b841d6890_0 .net "q", 3 0, v0x562b841d7440_0;  alias, 1 drivers
v0x562b841d69c0_0 .net "rco", 0 0, v0x562b841d7530_0;  alias, 1 drivers
v0x562b841d6a80_0 .var "rst", 0 0;
S_0x562b841d6c20 .scope module, "U1" "MODO" 2 12, 4 1 0, S_0x562b841b6700;
 .timescale 0 0;
    .port_info 0 /INPUT 1 "clk"
    .port_info 1 /INPUT 1 "rst"
    .port_info 2 /INPUT 1 "enable"
    .port_info 3 /INPUT 2 "modo"
    .port_info 4 /INPUT 4 "d"
    .port_info 5 /OUTPUT 4 "q"
    .port_info 6 /OUTPUT 1 "rco"
v0x562b841d70e0_0 .net "clk", 0 0, v0x562b841a9f00_0;  alias, 1 drivers
v0x562b841d71a0_0 .net "d", 3 0, v0x562b841d6630_0;  alias, 1 drivers
v0x562b841d7270_0 .net "enable", 0 0, v0x562b841d6710_0;  alias, 1 drivers
v0x562b841d7370_0 .net "modo", 1 0, v0x562b841d67b0_0;  alias, 1 drivers
v0x562b841d7440_0 .var "q", 3 0;
v0x562b841d7530_0 .var "rco", 0 0;
v0x562b841d7600_0 .net "rst", 0 0, v0x562b841d6a80_0;  alias, 1 drivers
E_0x562b8419c740/0 .event edge, v0x562b841d6630_0;
E_0x562b8419c740/1 .event posedge, v0x562b841d6710_0, v0x562b841d6a80_0, v0x562b841a9f00_0;
E_0x562b8419c740 .event/or E_0x562b8419c740/0, E_0x562b8419c740/1;
S_0x562b841d6ef0 .scope begin, "COUNT" "COUNT" 4 18, 4 18 0, S_0x562b841d6c20;
 .timescale 0 0;
    .scope S_0x562b841d6c20;
T_0 ;
    %wait E_0x562b8419c740;
    %load/vec4 v0x562b841d7530_0;
    %pad/u 32;
    %cmpi/ne 1, 0, 32;
    %jmp/0xz  T_0.0, 6;
    %pushi/vec4 0, 0, 1;
    %assign/vec4 v0x562b841d7530_0, 0;
T_0.0 ;
    %load/vec4 v0x562b841d7600_0;
    %flag_set/vec4 8;
    %jmp/0xz  T_0.2, 8;
    %pushi/vec4 0, 0, 1;
    %assign/vec4 v0x562b841d7530_0, 0;
    %load/vec4 v0x562b841d7370_0;
    %dup/vec4;
    %pushi/vec4 0, 0, 2;
    %cmp/u;
    %jmp/1 T_0.4, 6;
    %dup/vec4;
    %pushi/vec4 1, 0, 2;
    %cmp/u;
    %jmp/1 T_0.5, 6;
    %dup/vec4;
    %pushi/vec4 2, 0, 2;
    %cmp/u;
    %jmp/1 T_0.6, 6;
    %dup/vec4;
    %pushi/vec4 3, 0, 2;
    %cmp/u;
    %jmp/1 T_0.7, 6;
    %jmp T_0.8;
T_0.4 ;
    %pushi/vec4 0, 0, 4;
    %assign/vec4 v0x562b841d7440_0, 0;
    %jmp T_0.8;
T_0.5 ;
    %pushi/vec4 15, 0, 4;
    %assign/vec4 v0x562b841d7440_0, 0;
    %jmp T_0.8;
T_0.6 ;
    %pushi/vec4 15, 0, 4;
    %assign/vec4 v0x562b841d7440_0, 0;
    %jmp T_0.8;
T_0.7 ;
    %pushi/vec4 15, 15, 4;
    %assign/vec4 v0x562b841d7440_0, 0;
    %jmp T_0.8;
T_0.8 ;
    %pop/vec4 1;
    %jmp T_0.3;
T_0.2 ;
    %fork t_1, S_0x562b841d6ef0;
    %jmp t_0;
    .scope S_0x562b841d6ef0;
t_1 ;
T_0.9 ;
    %load/vec4 v0x562b841d7270_0;
    %flag_set/vec4 8;
    %jmp/0xz T_0.10, 8;
    %load/vec4 v0x562b841d7370_0;
    %dup/vec4;
    %pushi/vec4 0, 0, 2;
    %cmp/u;
    %jmp/1 T_0.11, 6;
    %dup/vec4;
    %pushi/vec4 1, 0, 2;
    %cmp/u;
    %jmp/1 T_0.12, 6;
    %dup/vec4;
    %pushi/vec4 2, 0, 2;
    %cmp/u;
    %jmp/1 T_0.13, 6;
    %dup/vec4;
    %pushi/vec4 3, 0, 2;
    %cmp/u;
    %jmp/1 T_0.14, 6;
    %jmp T_0.15;
T_0.11 ;
    %load/vec4 v0x562b841d7530_0;
    %flag_set/vec4 8;
    %jmp/0xz  T_0.16, 8;
    %load/vec4 v0x562b841d7530_0;
    %pad/u 4;
    %store/vec4 v0x562b841d7440_0, 0, 4;
    %jmp T_0.17;
T_0.16 ;
    %load/vec4 v0x562b841d7440_0;
    %pad/u 32;
    %cmpi/u 15, 0, 32;
    %jmp/0xz  T_0.18, 5;
    %load/vec4 v0x562b841d7440_0;
    %addi 1, 0, 4;
    %assign/vec4 v0x562b841d7440_0, 0;
    %jmp T_0.19;
T_0.18 ;
    %pushi/vec4 0, 0, 4;
    %assign/vec4 v0x562b841d7440_0, 0;
    %pushi/vec4 1, 0, 1;
    %assign/vec4 v0x562b841d7530_0, 0;
T_0.19 ;
T_0.17 ;
    %jmp T_0.15;
T_0.12 ;
    %pushi/vec4 0, 0, 32;
    %load/vec4 v0x562b841d7440_0;
    %pad/u 32;
    %cmp/u;
    %jmp/0xz  T_0.20, 5;
    %load/vec4 v0x562b841d7440_0;
    %subi 1, 0, 4;
    %assign/vec4 v0x562b841d7440_0, 0;
    %jmp T_0.21;
T_0.20 ;
    %pushi/vec4 15, 0, 4;
    %assign/vec4 v0x562b841d7440_0, 0;
    %pushi/vec4 1, 0, 1;
    %assign/vec4 v0x562b841d7530_0, 0;
T_0.21 ;
    %jmp T_0.15;
T_0.13 ;
    %pushi/vec4 2, 0, 32;
    %load/vec4 v0x562b841d7440_0;
    %pad/u 32;
    %cmp/u;
    %jmp/0xz  T_0.22, 5;
    %load/vec4 v0x562b841d7440_0;
    %subi 3, 0, 4;
    %assign/vec4 v0x562b841d7440_0, 0;
    %jmp T_0.23;
T_0.22 ;
    %load/vec4 v0x562b841d7440_0;
    %dup/vec4;
    %pushi/vec4 0, 0, 4;
    %cmp/u;
    %jmp/1 T_0.24, 6;
    %dup/vec4;
    %pushi/vec4 1, 0, 4;
    %cmp/u;
    %jmp/1 T_0.25, 6;
    %dup/vec4;
    %pushi/vec4 2, 0, 4;
    %cmp/u;
    %jmp/1 T_0.26, 6;
    %jmp T_0.27;
T_0.24 ;
    %pushi/vec4 12, 0, 4;
    %assign/vec4 v0x562b841d7440_0, 0;
    %jmp T_0.27;
T_0.25 ;
    %pushi/vec4 13, 0, 4;
    %assign/vec4 v0x562b841d7440_0, 0;
    %jmp T_0.27;
T_0.26 ;
    %pushi/vec4 14, 0, 4;
    %assign/vec4 v0x562b841d7440_0, 0;
    %jmp T_0.27;
T_0.27 ;
    %pop/vec4 1;
    %pushi/vec4 1, 0, 1;
    %assign/vec4 v0x562b841d7530_0, 0;
T_0.23 ;
    %jmp T_0.15;
T_0.14 ;
    %load/vec4 v0x562b841d71a0_0;
    %assign/vec4 v0x562b841d7440_0, 0;
    %jmp T_0.15;
T_0.15 ;
    %pop/vec4 1;
    %load/vec4 v0x562b841d7530_0;
    %pad/u 32;
    %cmpi/e 1, 0, 32;
    %jmp/0xz  T_0.28, 4;
    %pushi/vec4 0, 0, 1;
    %store/vec4 v0x562b841d7530_0, 0, 1;
T_0.28 ;
    %disable S_0x562b841d6ef0;
    %jmp T_0.9;
T_0.10 ;
    %end;
    .scope S_0x562b841d6c20;
t_0 %join;
T_0.3 ;
    %jmp T_0;
    .thread T_0;
    .scope S_0x562b841a9c80;
T_1 ;
    %pushi/vec4 0, 0, 1;
    %store/vec4 v0x562b841a9f00_0, 0, 1;
    %pushi/vec4 1, 0, 1;
    %store/vec4 v0x562b841d6710_0, 0, 1;
    %pushi/vec4 0, 0, 1;
    %store/vec4 v0x562b841d6a80_0, 0, 1;
    %pushi/vec4 0, 0, 4;
    %store/vec4 v0x562b841d6630_0, 0, 4;
    %pushi/vec4 3, 0, 2;
    %store/vec4 v0x562b841d67b0_0, 0, 2;
    %delay 2, 0;
    %pushi/vec4 0, 0, 2;
    %store/vec4 v0x562b841d67b0_0, 0, 2;
    %delay 2, 0;
    %pushi/vec4 0, 0, 1;
    %store/vec4 v0x562b841d6710_0, 0, 1;
    %delay 10, 0;
    %pushi/vec4 1, 0, 1;
    %store/vec4 v0x562b841d6710_0, 0, 1;
    %delay 36, 0;
    %pushi/vec4 1, 0, 1;
    %store/vec4 v0x562b841d6a80_0, 0, 1;
    %delay 2, 0;
    %pushi/vec4 0, 0, 1;
    %store/vec4 v0x562b841d6a80_0, 0, 1;
    %delay 66, 0;
    %pushi/vec4 1, 0, 2;
    %store/vec4 v0x562b841d67b0_0, 0, 2;
    %delay 2, 0;
    %pushi/vec4 0, 0, 1;
    %store/vec4 v0x562b841d6710_0, 0, 1;
    %delay 10, 0;
    %pushi/vec4 1, 0, 1;
    %store/vec4 v0x562b841d6710_0, 0, 1;
    %delay 36, 0;
    %pushi/vec4 1, 0, 1;
    %store/vec4 v0x562b841d6a80_0, 0, 1;
    %delay 2, 0;
    %pushi/vec4 0, 0, 1;
    %store/vec4 v0x562b841d6a80_0, 0, 1;
    %delay 64, 0;
    %pushi/vec4 3, 0, 2;
    %store/vec4 v0x562b841d67b0_0, 0, 2;
    %delay 6, 0;
    %pushi/vec4 14, 0, 4;
    %store/vec4 v0x562b841d6630_0, 0, 4;
    %pushi/vec4 2, 0, 2;
    %store/vec4 v0x562b841d67b0_0, 0, 2;
    %delay 36, 0;
    %pushi/vec4 1, 0, 1;
    %store/vec4 v0x562b841d6a80_0, 0, 1;
    %delay 2, 0;
    %pushi/vec4 0, 0, 1;
    %store/vec4 v0x562b841d6a80_0, 0, 1;
    %delay 2, 0;
    %pushi/vec4 0, 0, 1;
    %store/vec4 v0x562b841d6710_0, 0, 1;
    %delay 4, 0;
    %pushi/vec4 1, 0, 1;
    %store/vec4 v0x562b841d6710_0, 0, 1;
    %delay 12, 0;
    %pushi/vec4 3, 0, 2;
    %store/vec4 v0x562b841d67b0_0, 0, 2;
    %delay 2, 0;
    %pushi/vec4 2, 0, 4;
    %store/vec4 v0x562b841d6630_0, 0, 4;
    %delay 2, 0;
    %pushi/vec4 4, 0, 4;
    %store/vec4 v0x562b841d6630_0, 0, 4;
    %delay 2, 0;
    %pushi/vec4 0, 0, 1;
    %store/vec4 v0x562b841d6710_0, 0, 1;
    %delay 10, 0;
    %pushi/vec4 1, 0, 1;
    %store/vec4 v0x562b841d6710_0, 0, 1;
    %delay 2, 0;
    %pushi/vec4 6, 0, 4;
    %store/vec4 v0x562b841d6630_0, 0, 4;
    %delay 2, 0;
    %pushi/vec4 8, 0, 4;
    %store/vec4 v0x562b841d6630_0, 0, 4;
    %delay 2, 0;
    %pushi/vec4 10, 0, 4;
    %store/vec4 v0x562b841d6630_0, 0, 4;
    %delay 2, 0;
    %pushi/vec4 1, 0, 1;
    %store/vec4 v0x562b841d6a80_0, 0, 1;
    %delay 2, 0;
    %pushi/vec4 0, 0, 1;
    %store/vec4 v0x562b841d6a80_0, 0, 1;
    %delay 2, 0;
    %pushi/vec4 14, 0, 4;
    %store/vec4 v0x562b841d6630_0, 0, 4;
    %delay 2, 0;
    %pushi/vec4 15, 0, 4;
    %store/vec4 v0x562b841d6630_0, 0, 4;
    %delay 4, 0;
    %vpi_call 3 48 "$finish" {0 0 0};
    %end;
    .thread T_1;
    .scope S_0x562b841a9c80;
T_2 ;
    %delay 1, 0;
    %load/vec4 v0x562b841a9f00_0;
    %nor/r;
    %store/vec4 v0x562b841a9f00_0, 0, 1;
    %jmp T_2;
    .thread T_2;
    .scope S_0x562b841b6700;
T_3 ;
    %vpi_call 2 33 "$dumpfile", "resultados.vcd" {0 0 0};
    %vpi_call 2 34 "$dumpvars", 32'sb11111111111111111111111111111111, S_0x562b841d6c20 {0 0 0};
    %vpi_call 2 35 "$monitor", "clk=%b, rst=%b, enable=%b, modo=%b, d=%b, q=%b, rco=%b", v0x562b841d7710_0, v0x562b841d7d60_0, v0x562b841d7930_0, v0x562b841d7a20_0, v0x562b841d7820_0, v0x562b841d7b10_0, v0x562b841d7c70_0 {0 0 0};
    %end;
    .thread T_3;
# The file index is used to find the file name in the following table.
:file_names 5;
    "N/A";
    "<interactive>";
    "modoContador_tb.v";
    "./modoContador_tester.v";
    "./modoContador.v";
